/home/u.7932621/.local/share/JetBrains/Toolbox/apps/air-2/lib/app/libs/libdesktop_gtk_x64.so: libgtk-4.so.1: cannot open shared object file: No such file or directory
java.lang.UnsatisfiedLinkError: /home/u.7932621/.local/share/JetBrains/Toolbox/apps/air-2/lib/app/libs/libdesktop_gtk_x64.so: libgtk-4.so.1: cannot open shared object file: No such file or directory
 at java.base/jdk.internal.loader.NativeLibraries.load(Native Method)
 at java.base/jdk.internal.loader.NativeLibraries$NativeLibraryImpl.open(Unknown Source)
 at java.base/jdk.internal.loader.NativeLibraries.loadLibrary(Unknown Source)
 at java.base/jdk.internal.loader.NativeLibraries.loadLibrary(Unknown Source)
 at java.base/java.lang.ClassLoader.loadLibrary(Unknown Source)
 at java.base/java.lang.Runtime.load0(Unknown Source)
 at java.base/java.lang.System.load(Unknown Source)
 at kotlin.desktop.toolkit.common@0.0.79/org.jetbrains.desktop.gtk.KotlinDesktopToolkit.load(KotlinDesktopToolkit.kt:65)
 at kotlin.desktop.toolkit.common@0.0.79/org.jetbrains.desktop.gtk.KotlinDesktopToolkit.init(KotlinDesktopToolkit.kt:22)
 at kotlin.desktop.toolkit.common@0.0.79/org.jetbrains.desktop.gtk.KotlinDesktopToolkit.init$default(KotlinDesktopToolkit.kt:11)
 at fleet.noria.ui@262.43.17/androidx.compose.ui.desktop.gtk.GtkApplication.initializeToolkitOnce(GtkApplication.kt:852)
 at fleet.noria.ui@262.43.17/androidx.compose.ui.desktop.gtk.GtkApplication.initialize$org_jetbrains_fleet_fleet_noria_ui(GtkApplication.kt:141)
 at fleet.noria.ui@262.43.17/androidx.compose.ui.desktop.Application_jvmKt.initializeJvmApplication(Application.jvm.kt:123)
 at fleet.noria.ui@262.43.17/androidx.compose.ui.desktop.Application_jvmKt.initializeApplicationJvm(Application.jvm.kt:58)
 at fleet.noria.ui@262.43.17/androidx.compose.ui.desktop.Application_desktopKt.initializeApplication(Application.desktop.kt)
 at fleet.noria.ui@262.43.17/androidx.compose.ui.desktop.Application_desktopKt.initializeApplication$default(Application.desktop.kt:61)
 at fleet.dock.desktop@262.43.17/fleet.dock.desktop.DesktopDockKt$application$1.invokeSuspend(DesktopDock.kt:742)
 at fleet.dock.desktop@262.43.17/fleet.dock.desktop.DesktopDockKt$application$1.invoke(DesktopDock.kt)
 at fleet.dock.desktop@262.43.17/fleet.dock.desktop.DesktopDockKt$application$1.invoke(DesktopDock.kt)
 at fleet.util.core@262.43.17/fleet.util.async.ResourceKt$resource$1$use$2$1$1.invokeSuspend(Resource.kt:100)
 at fleet.util.core@262.43.17/fleet.util.async.ResourceKt$resource$1$use$2$1$1.invoke(Resource.kt)
 at fleet.util.core@262.43.17/fleet.util.async.ResourceKt$resource$1$use$2$1$1.invoke(Resource.kt)
 at fleet.kotlin.runtime/kotlinx.coroutines.intrinsics.UndispatchedKt.startUndspatched(Undispatched.kt:67)
 at fleet.kotlin.runtime/kotlinx.coroutines.intrinsics.UndispatchedKt.startUndispatchedOrReturn(Undispatched.kt:43)
 at fleet.kotlin.runtime/kotlinx.coroutines.BuildersKt__Builders_commonKt.withContext(Builders.common.kt:165)
 at fleet.kotlin.runtime/kotlinx.coroutines.BuildersKt.withContext(Unknown Source)
 at fleet.util.core@262.43.17/fleet.util.async.ResourceKt$resource$1$use$2$1.invokeSuspend(Resource.kt:92)
 at fleet.util.core@262.43.17/fleet.util.async.ResourceKt$resource$1$use$2$1.invoke(Resource.kt)
 at fleet.util.core@262.43.17/fleet.util.async.ResourceKt$resource$1$use$2$1.invoke(Resource.kt)
 at fleet.kotlin.runtime/kotlinx.coroutines.intrinsics.UndispatchedKt.startCoroutineUndispatched(Undispatched.kt:20)
 at fleet.kotlin.runtime/kotlinx.coroutines.CoroutineStart.invoke(CoroutineStart.kt:360)
 at fleet.kotlin.runtime/kotlinx.coroutines.AbstractCoroutine.start(AbstractCoroutine.kt:134)
 at fleet.kotlin.runtime/kotlinx.coroutines.BuildersKt__Builders_commonKt.launch(Builders.common.kt:53)
 at fleet.kotlin.runtime/kotlinx.coroutines.BuildersKt.launch(Unknown Source)
 at fleet.kotlin.runtime/kotlinx.coroutines.BuildersKt__Builders_commonKt.launch$default(Builders.common.kt:44)
 at fleet.kotlin.runtime/kotlinx.coroutines.BuildersKt.launch$default(Unknown Source)
 at fleet.util.core@262.43.17/fleet.util.async.ResourceKt$resource$1$use$2.invokeSuspend(Resource.kt:85)
 at fleet.util.core@262.43.17/fleet.util.async.ResourceKt$resource$1$use$2.invoke(Resource.kt)
 at fleet.util.core@262.43.17/fleet.util.async.ResourceKt$resource$1$use$2.invoke(Resource.kt)
 at fleet.kotlin.runtime/kotlinx.coroutines.intrinsics.UndispatchedKt.startUndspatched(Undispatched.kt:67)
 at fleet.kotlin.runtime/kotlinx.coroutines.intrinsics.UndispatchedKt.startUndispatchedOrReturn(Undispatched.kt:43)
 at fleet.kotlin.runtime/kotlinx.coroutines.CoroutineScopeKt.coroutineScope(CoroutineScope.kt:286)
 at fleet.util.core@262.43.17/fleet.util.async.ResourceKt$resource$1.use(Resource.kt:82)
 at fleet.util.core@262.43.17/fleet.util.async.ResourceKt$onContext$1$2$1.invokeSuspend(Resource.kt:157)
 at fleet.util.core@262.43.17/fleet.util.async.ResourceKt$onContext$1$2$1.invoke(Resource.kt)
 at fleet.util.core@262.43.17/fleet.util.async.ResourceKt$onContext$1$2$1.invoke(Resource.kt)
 at fleet.kotlin.runtime/kotlinx.coroutines.intrinsics.UndispatchedKt.startUndspatched(Undispatched.kt:67)
 at fleet.kotlin.runtime/kotlinx.coroutines.intrinsics.UndispatchedKt.startUndispatchedOrReturn(Undispatched.kt:43)
 at fleet.kotlin.runtime/kotlinx.coroutines.BuildersKt__Builders_commonKt.withContext(Builders.common.kt:165)
 at fleet.kotlin.runtime/kotlinx.coroutines.BuildersKt.withContext(Unknown Source)
 at fleet.util.core@262.43.17/fleet.util.async.ResourceKt$onContext$1$2.invokeSuspend(Resource.kt:157)
 at fleet.util.core@262.43.17/fleet.util.async.ResourceKt$onContext$1$2.invoke(Resource.kt)
 at fleet.util.core@262.43.17/fleet.util.async.ResourceKt$onContext$1$2.invoke(Resource.kt)
 at fleet.util.core@262.43.17/fleet.util.async.ResourceKt$resource$1$use$2$1$1.invokeSuspend(Resource.kt:100)
 at fleet.util.core@262.43.17/fleet.util.async.ResourceKt$resource$1$use$2$1$1.invoke(Resource.kt)
 at fleet.util.core@262.43.17/fleet.util.async.ResourceKt$resource$1$use$2$1$1.invoke(Resource.kt)
 at fleet.kotlin.runtime/kotlinx.coroutines.intrinsics.UndispatchedKt.startUndspatched(Undispatched.kt:67)
 at fleet.kotlin.runtime/kotlinx.coroutines.intrinsics.UndispatchedKt.startUndispatchedOrReturn(Undispatched.kt:43)
 at fleet.kotlin.runtime/kotlinx.coroutines.BuildersKt__Builders_commonKt.withContext(Builders.common.kt:165)
 at fleet.kotlin.runtime/kotlinx.coroutines.BuildersKt.withContext(Unknown Source)
 at fleet.util.core@262.43.17/fleet.util.async.ResourceKt$resource$1$use$2$1.invokeSuspend(Resource.kt:92)
 at fleet.util.core@262.43.17/fleet.util.async.ResourceKt$resource$1$use$2$1.invoke(Resource.kt)
 at fleet.util.core@262.43.17/fleet.util.async.ResourceKt$resource$1$use$2$1.invoke(Resource.kt)
 at fleet.kotlin.runtime/kotlinx.coroutines.intrinsics.UndispatchedKt.startCoroutineUndispatched(Undispatched.kt:20)
 at fleet.kotlin.runtime/kotlinx.coroutines.CoroutineStart.invoke(CoroutineStart.kt:360)
 at fleet.kotlin.runtime/kotlinx.coroutines.AbstractCoroutine.start(AbstractCoroutine.kt:134)
 at fleet.kotlin.runtime/kotlinx.coroutines.BuildersKt__Builders_commonKt.launch(Builders.common.kt:53)
 at fleet.kotlin.runtime/kotlinx.coroutines.BuildersKt.launch(Unknown Source)
 at fleet.kotlin.runtime/kotlinx.coroutines.BuildersKt__Builders_commonKt.launch$default(Builders.common.kt:44)
 at fleet.kotlin.runtime/kotlinx.coroutines.BuildersKt.launch$default(Unknown Source)
 at fleet.util.core@262.43.17/fleet.util.async.ResourceKt$resource$1$use$2.invokeSuspend(Resource.kt:85)
 at fleet.util.core@262.43.17/fleet.util.async.ResourceKt$resource$1$use$2.invoke(Resource.kt)
 at fleet.util.core@262.43.17/fleet.util.async.ResourceKt$resource$1$use$2.invoke(Resource.kt)
 at fleet.kotlin.runtime/kotlinx.coroutines.intrinsics.UndispatchedKt.startUndspatched(Undispatched.kt:67)
 at fleet.kotlin.runtime/kotlinx.coroutines.intrinsics.UndispatchedKt.startUndispatchedOrReturn(Undispatched.kt:43)
 at fleet.kotlin.runtime/kotlinx.coroutines.CoroutineScopeKt.coroutineScope(CoroutineScope.kt:286)
 at fleet.util.core@262.43.17/fleet.util.async.ResourceKt$resource$1.use(Resource.kt:82)
 at fleet.util.core@262.43.17/fleet.util.async.ResourceKt$async$1$1$use$2$job$1.invokeSuspend(Resource.kt:230)
 at fleet.kotlin.runtime/kotlin.coroutines.jvm.internal.BaseContinuationImpl.resumeWith(ContinuationImpl.kt:34)
 at fleet.kotlin.runtime/kotlinx.coroutines.DispatchedTask.run(DispatchedTask.kt:100)
 at fleet.kotlin.runtime/kotlinx.coroutines.scheduling.CoroutineScheduler.runSafely(CoroutineScheduler.kt:610)
 at fleet.kotlin.runtime/kotlinx.coroutines.scheduling.CoroutineScheduler$Worker.runDefaultDispatcherTask(CoroutineScheduler.kt:1194)
 at fleet.kotlin.runtime/kotlinx.coroutines.scheduling.CoroutineScheduler$Worker.executeTask(CoroutineScheduler.kt:906)
 at fleet.kotlin.runtime/kotlinx.coroutines.scheduling.CoroutineScheduler$Worker.runWorker(CoroutineScheduler.kt:775)
 at fleet.kotlin.runtime/kotlinx.coroutines.scheduling.CoroutineScheduler$Worker.run(CoroutineScheduler.kt:762)
